[03/Aug/2021 11:23:28] INFO [senderos.views:32] Página principal
[03/Aug/2021 11:23:28] INFO [senderos.views:32] Página principal
[03/Aug/2021 11:26:27] INFO [senderos.views:32] Página principal
[03/Aug/2021 11:26:57] INFO [senderos.views:32] Página principal
[03/Aug/2021 11:27:19] INFO [senderos.views:32] Página principal
[03/Aug/2021 11:28:55] ERROR [senderos.views:165] Error en el POST de registrar usuario
NoneType: None
[03/Aug/2021 11:29:02] ERROR [senderos.views:165] Error en el POST de registrar usuario
NoneType: None
[03/Aug/2021 11:29:05] INFO [senderos.views:32] Página principal
[03/Aug/2021 11:29:26] INFO [senderos.views:132] Vista de una ruta
[03/Aug/2021 11:29:30] INFO [senderos.views:32] Página principal
[03/Aug/2021 11:29:35] INFO [senderos.views:32] Página principal
[03/Aug/2021 11:29:38] INFO [senderos.views:132] Vista de una ruta
[03/Aug/2021 11:29:41] INFO [senderos.views:144] Eliminación de una ruta
[03/Aug/2021 11:29:41] INFO [senderos.views:32] Página principal
[03/Aug/2021 11:30:08] INFO [senderos.views:32] Página principal
[03/Aug/2021 11:30:14] INFO [senderos.views:32] Página principal
[03/Aug/2021 11:30:35] INFO [senderos.views:32] Página principal
[03/Aug/2021 11:30:38] INFO [senderos.views:32] Página principal
[03/Aug/2021 13:28:39] INFO [senderos.views:32] Página principal
[03/Aug/2021 13:28:41] INFO [senderos.views:132] Vista de una ruta
[03/Aug/2021 13:28:46] INFO [senderos.views:32] Página principal
[03/Aug/2021 13:28:47] INFO [senderos.views:132] Vista de una ruta
[03/Aug/2021 13:28:52] INFO [senderos.views:187] Likes cambiados
[03/Aug/2021 13:28:52] INFO [senderos.views:32] Página principal
[03/Aug/2021 13:28:53] INFO [senderos.views:132] Vista de una ruta
[03/Aug/2021 13:28:53] INFO [senderos.views:187] Likes cambiados
[03/Aug/2021 13:28:53] INFO [senderos.views:32] Página principal
[03/Aug/2021 13:28:53] INFO [senderos.views:132] Vista de una ruta
[03/Aug/2021 13:28:55] INFO [senderos.views:187] Likes cambiados
[03/Aug/2021 13:28:55] INFO [senderos.views:32] Página principal
[03/Aug/2021 13:28:55] INFO [senderos.views:132] Vista de una ruta
[03/Aug/2021 13:29:09] INFO [senderos.views:32] Página principal
[03/Aug/2021 13:29:12] INFO [senderos.views:132] Vista de una ruta
